Enter a number of days: Mechanic Ryan arrives at Garage on Day 1.
Mechanic Ryan unlocked B698RB.
Bike B698RB unlocked.
Mechanic Ryan washed B698RB.
Bike B698RB shines.
Mechanic Ryan tuned up B698RB.
Bike B698RB runs.
Mechanic Ryan test drove B698RB.
Bike B698RB ridden.
Mechanic Ryan locked B698RB.
Bike B698RB locked.
Mechanic Ryan unlocked BLPKIY.
Bike BLPKIY unlocked.
Mechanic Ryan washed BLPKIY.
Bike BLPKIY shines.
Mechanic Ryan tuned up BLPKIY.
Bike BLPKIY runs.
Mechanic Ryan test drove BLPKIY.
Bike BLPKIY ridden.
Mechanic Ryan locked BLPKIY.
Bike BLPKIY locked.
Mechanic Ryan unlocked TRYHPI.
Trike TRYHPI unlocked.
Mechanic Ryan washed TRYHPI.
Trike TRYHPI shines.
Mechanic Ryan tuned up TRYHPI.
Trike TRYHPI runs.
Mechanic Ryan test drove TRYHPI.
Trike TRYHPI ridden.
Mechanic Ryan locked TRYHPI.
Trike TRYHPI locked.
Mechanic Ryan unlocked TIL6MD.
Trike TIL6MD unlocked.
Mechanic Ryan washed TIL6MD.
Trike TIL6MD shines.
Mechanic Ryan tuned up TIL6MD.
Trike TIL6MD runs.
Mechanic Ryan test drove TIL6MD.
Trike TIL6MD ridden.
Mechanic Ryan locked TIL6MD.
Trike TIL6MD locked.
Mechanic Ryan unlocked SKO7E0.
Sidecar SKO7E0 unlocked.
Mechanic Ryan washed SKO7E0.
Sidecar SKO7E0 shines.
Mechanic Ryan tuned up SKO7E0.
Sidecar SKO7E0 runs.
Mechanic Ryan test drove SKO7E0.
Sidecar SKO7E0 ridden.
Mechanic Ryan locked SKO7E0.
Sidecar SKO7E0 locked.
Mechanic Ryan unlocked SQORND.
Sidecar SQORND unlocked.
Mechanic Ryan washed SQORND.
Sidecar SQORND shines.
Mechanic Ryan tuned up SQORND.
Sidecar SQORND runs.
Mechanic Ryan test drove SQORND.
Sidecar SQORND ridden.
Mechanic Ryan locked SQORND.
Sidecar SQORND locked.
Mechanic Ryan unlocked H16L6R.
Hatchback H16L6R unlocked.
Mechanic Ryan washed H16L6R.
Hatchback H16L6R sparkles.
Mechanic Ryan tuned up H16L6R.
Hatchback H16L6R runs.
Mechanic Ryan test drove H16L6R.
Hatchback H16L6R drives.
Mechanic Ryan locked H16L6R.
Hatchback H16L6R locked.
Mechanic Ryan unlocked HDXCDZ.
Hatchback HDXCDZ unlocked.
Mechanic Ryan washed HDXCDZ.
Hatchback HDXCDZ shines.
Mechanic Ryan tuned up HDXCDZ.
Hatchback HDXCDZ runs.
Mechanic Ryan test drove HDXCDZ.
Hatchback HDXCDZ drives.
Mechanic Ryan locked HDXCDZ.
Hatchback HDXCDZ locked.
Mechanic Ryan unlocked SAVVVJ.
SUV SAVVVJ unlocked.
Mechanic Ryan washed SAVVVJ.
SUV SAVVVJ sparkles.
Mechanic Ryan tuned up SAVVVJ.
SUV SAVVVJ runs.
Mechanic Ryan test drove SAVVVJ.
SUV SAVVVJ drives.
Mechanic Ryan locked SAVVVJ.
SUV SAVVVJ locked.
Mechanic Ryan unlocked S3NPU9.
SUV S3NPU9 unlocked.
Mechanic Ryan washed S3NPU9.
SUV S3NPU9 sparkles.
Mechanic Ryan tuned up S3NPU9.
SUV S3NPU9 runs.
Mechanic Ryan test drove S3NPU9.
SUV S3NPU9 drives.
Mechanic Ryan locked S3NPU9.
SUV S3NPU9 locked.
Mechanic Ryan unlocked WEIK1U.
Wagon WEIK1U unlocked.
Mechanic Ryan washed WEIK1U.
Wagon WEIK1U shines.
Mechanic Ryan tuned up WEIK1U.
Wagon WEIK1U runs.
Mechanic Ryan test drove WEIK1U.
Wagon WEIK1U drives.
Mechanic Ryan locked WEIK1U.
Wagon WEIK1U locked.
Mechanic Ryan unlocked WI9J9L.
Wagon WI9J9L unlocked.
Mechanic Ryan washed WI9J9L.
Wagon WI9J9L sparkles.
Mechanic Ryan tuned up WI9J9L.
Wagon WI9J9L runs.
Mechanic Ryan test drove WI9J9L.
Wagon WI9J9L drives.
Mechanic Ryan locked WI9J9L.
Wagon WI9J9L locked.
Mechanic Ryan unlocked C88JRG.
Convertible C88JRG unlocked.
Mechanic Ryan washed C88JRG.
Convertible C88JRG shines.
Mechanic Ryan tuned up C88JRG.
Convertible C88JRG sputters.
Mechanic Ryan test drove C88JRG.
Convertible C88JRG drives.
Mechanic Ryan locked C88JRG.
Convertible C88JRG locked.
Mechanic Ryan unlocked CR08DY.
Convertible CR08DY unlocked.
Mechanic Ryan washed CR08DY.
Convertible CR08DY shines.
Mechanic Ryan tuned up CR08DY.
Convertible CR08DY runs.
Mechanic Ryan test drove CR08DY.
Convertible CR08DY drives.
Mechanic Ryan locked CR08DY.
Convertible CR08DY locked.
Mechanic Ryan unlocked P9FR0X.
Pickup P9FR0X unlocked.
Mechanic Ryan washed P9FR0X.
Pickup P9FR0X shines.
Mechanic Ryan tuned up P9FR0X.
Pickup P9FR0X runs.
Mechanic Ryan test drove P9FR0X.
Pickup P9FR0X drives.
Mechanic Ryan locked P9FR0X.
Pickup P9FR0X locked.
Mechanic Ryan unlocked P4VIKC.
Pickup P4VIKC unlocked.
Mechanic Ryan washed P4VIKC.
Pickup P4VIKC shines.
Mechanic Ryan tuned up P4VIKC.
Pickup P4VIKC runs.
Mechanic Ryan test drove P4VIKC.
Pickup P4VIKC drives.
Mechanic Ryan locked P4VIKC.
Pickup P4VIKC locked.
Mechanic Ryan unlocked D53EO2.
Delivery D53EO2 unlocked.
Mechanic Ryan washed D53EO2.
Delivery D53EO2 shines.
Mechanic Ryan tuned up D53EO2.
Delivery D53EO2 runs.
Mechanic Ryan test drove D53EO2.
Delivery D53EO2 drives.
Mechanic Ryan locked D53EO2.
Delivery D53EO2 locked.
Mechanic Ryan unlocked DH6NA9.
Delivery DH6NA9 unlocked.
Mechanic Ryan washed DH6NA9.
Delivery DH6NA9 shines.
Mechanic Ryan tuned up DH6NA9.
Delivery DH6NA9 runs.
Mechanic Ryan test drove DH6NA9.
Delivery DH6NA9 drives.
Mechanic Ryan locked DH6NA9.
Delivery DH6NA9 locked.
Mechanic Ryan unlocked M1ITEZ.
Monster M1ITEZ unlocked.
Mechanic Ryan washed M1ITEZ.
Monster M1ITEZ shines.
Mechanic Ryan tuned up M1ITEZ.
Monster M1ITEZ runs.
Mechanic Ryan test drove M1ITEZ.
Monster M1ITEZ drives.
Mechanic Ryan locked M1ITEZ.
Monster M1ITEZ locked.
Mechanic Ryan unlocked MYEWI9.
Monster MYEWI9 unlocked.
Mechanic Ryan washed MYEWI9.
Monster MYEWI9 sparkles.
Mechanic Ryan tuned up MYEWI9.
Monster MYEWI9 runs.
Mechanic Ryan test drove MYEWI9.
Monster MYEWI9 drives.
Mechanic Ryan locked MYEWI9.
Monster MYEWI9 locked.
Mechanic Ryan unlocked SFHA2Y.
Schoolbus SFHA2Y unlocked.
Mechanic Ryan washed SFHA2Y.
Schoolbus SFHA2Y sparkles.
Mechanic Ryan tuned up SFHA2Y.
Schoolbus SFHA2Y runs.
Mechanic Ryan test drove SFHA2Y.
Schoolbus SFHA2Y drives.
Mechanic Ryan locked SFHA2Y.
Schoolbus SFHA2Y locked.
Mechanic Ryan unlocked S2PDBI.
Schoolbus S2PDBI unlocked.
Mechanic Ryan washed S2PDBI.
Schoolbus S2PDBI shines.
Mechanic Ryan tuned up S2PDBI.
Schoolbus S2PDBI runs.
Mechanic Ryan test drove S2PDBI.
Schoolbus S2PDBI drives.
Mechanic Ryan locked S2PDBI.
Schoolbus S2PDBI locked.
Mechanic Ryan unlocked SBK9UJ.
Shuttlebus SBK9UJ unlocked.
Mechanic Ryan washed SBK9UJ.
Shuttlebus SBK9UJ sparkles.
Mechanic Ryan tuned up SBK9UJ.
Shuttlebus SBK9UJ runs.
Mechanic Ryan test drove SBK9UJ.
Shuttlebus SBK9UJ drives.
Mechanic Ryan locked SBK9UJ.
Shuttlebus SBK9UJ locked.
Mechanic Ryan unlocked SXBSGN.
Shuttlebus SXBSGN unlocked.
Mechanic Ryan washed SXBSGN.
Shuttlebus SXBSGN shines.
Mechanic Ryan tuned up SXBSGN.
Shuttlebus SXBSGN runs.
Mechanic Ryan test drove SXBSGN.
Shuttlebus SXBSGN drives.
Mechanic Ryan locked SXBSGN.
Shuttlebus SXBSGN locked.
Mechanic Ryan leaves Garage on Day 1.
Mechanic Ryan arrives at Garage on Day 2.
Mechanic Ryan unlocked B698RB.
Bike B698RB unlocked.
Mechanic Ryan washed B698RB.
Bike B698RB shines.
Mechanic Ryan tuned up B698RB.
Bike B698RB runs.
Mechanic Ryan test drove B698RB.
Bike B698RB ridden.
Mechanic Ryan locked B698RB.
Bike B698RB locked.
Mechanic Ryan unlocked BLPKIY.
Bike BLPKIY unlocked.
Mechanic Ryan washed BLPKIY.
Bike BLPKIY shines.
Mechanic Ryan tuned up BLPKIY.
Bike BLPKIY runs.
Mechanic Ryan test drove BLPKIY.
Bike BLPKIY ridden.
Mechanic Ryan locked BLPKIY.
Bike BLPKIY locked.
Mechanic Ryan unlocked TRYHPI.
Trike TRYHPI unlocked.
Mechanic Ryan washed TRYHPI.
Trike TRYHPI shines.
Mechanic Ryan tuned up TRYHPI.
Trike TRYHPI runs.
Mechanic Ryan test drove TRYHPI.
Trike TRYHPI ridden.
Mechanic Ryan locked TRYHPI.
Trike TRYHPI locked.
Mechanic Ryan unlocked TIL6MD.
Trike TIL6MD unlocked.
Mechanic Ryan washed TIL6MD.
Trike TIL6MD shines.
Mechanic Ryan tuned up TIL6MD.
Trike TIL6MD runs.
Mechanic Ryan test drove TIL6MD.
Trike TIL6MD ridden.
Mechanic Ryan locked TIL6MD.
Trike TIL6MD locked.
Mechanic Ryan unlocked SKO7E0.
Sidecar SKO7E0 unlocked.
Mechanic Ryan washed SKO7E0.
Sidecar SKO7E0 sparkles.
Mechanic Ryan tuned up SKO7E0.
Sidecar SKO7E0 runs.
Mechanic Ryan test drove SKO7E0.
Sidecar SKO7E0 ridden.
Mechanic Ryan locked SKO7E0.
Sidecar SKO7E0 locked.
Mechanic Ryan unlocked SQORND.
Sidecar SQORND unlocked.
Mechanic Ryan washed SQORND.
Sidecar SQORND shines.
Mechanic Ryan tuned up SQORND.
Sidecar SQORND runs.
Mechanic Ryan test drove SQORND.
Sidecar SQORND ridden.
Mechanic Ryan locked SQORND.
Sidecar SQORND locked.
Mechanic Ryan unlocked H16L6R.
Hatchback H16L6R unlocked.
Mechanic Ryan washed H16L6R.
Hatchback H16L6R shines.
Mechanic Ryan tuned up H16L6R.
Hatchback H16L6R runs.
Mechanic Ryan test drove H16L6R.
Hatchback H16L6R drives.
Mechanic Ryan locked H16L6R.
Hatchback H16L6R locked.
Mechanic Ryan unlocked HDXCDZ.
Hatchback HDXCDZ unlocked.
Mechanic Ryan washed HDXCDZ.
Hatchback HDXCDZ sparkles.
Mechanic Ryan tuned up HDXCDZ.
Hatchback HDXCDZ sputters.
Mechanic Ryan test drove HDXCDZ.
Hatchback HDXCDZ drives.
Mechanic Ryan locked HDXCDZ.
Hatchback HDXCDZ locked.
Mechanic Ryan unlocked SAVVVJ.
SUV SAVVVJ unlocked.
Mechanic Ryan washed SAVVVJ.
SUV SAVVVJ shines.
Mechanic Ryan tuned up SAVVVJ.
SUV SAVVVJ runs.
Mechanic Ryan test drove SAVVVJ.
SUV SAVVVJ drives.
Mechanic Ryan locked SAVVVJ.
SUV SAVVVJ locked.
Mechanic Ryan unlocked S3NPU9.
SUV S3NPU9 unlocked.
Mechanic Ryan washed S3NPU9.
SUV S3NPU9 shines.
Mechanic Ryan tuned up S3NPU9.
SUV S3NPU9 runs.
Mechanic Ryan test drove S3NPU9.
SUV S3NPU9 drives.
Mechanic Ryan locked S3NPU9.
SUV S3NPU9 locked.
Mechanic Ryan unlocked WEIK1U.
Wagon WEIK1U unlocked.
Mechanic Ryan washed WEIK1U.
Wagon WEIK1U shines.
Mechanic Ryan tuned up WEIK1U.
Wagon WEIK1U runs.
Mechanic Ryan test drove WEIK1U.
Wagon WEIK1U drives.
Mechanic Ryan locked WEIK1U.
Wagon WEIK1U locked.
Mechanic Ryan unlocked WI9J9L.
Wagon WI9J9L unlocked.
Mechanic Ryan washed WI9J9L.
Wagon WI9J9L shines.
Mechanic Ryan tuned up WI9J9L.
Wagon WI9J9L runs.
Mechanic Ryan test drove WI9J9L.
Wagon WI9J9L drives.
Mechanic Ryan locked WI9J9L.
Wagon WI9J9L locked.
Mechanic Ryan unlocked C88JRG.
Convertible C88JRG unlocked.
Mechanic Ryan washed C88JRG.
Convertible C88JRG shines.
Mechanic Ryan tuned up C88JRG.
Convertible C88JRG runs.
Mechanic Ryan test drove C88JRG.
Convertible C88JRG drives.
Mechanic Ryan locked C88JRG.
Convertible C88JRG locked.
Mechanic Ryan unlocked CR08DY.
Convertible CR08DY unlocked.
Mechanic Ryan washed CR08DY.
Convertible CR08DY sparkles.
Mechanic Ryan tuned up CR08DY.
Convertible CR08DY sputters.
Mechanic Ryan test drove CR08DY.
Convertible CR08DY drives.
Mechanic Ryan locked CR08DY.
Convertible CR08DY locked.
Mechanic Ryan unlocked P9FR0X.
Pickup P9FR0X unlocked.
Mechanic Ryan washed P9FR0X.
Pickup P9FR0X shines.
Mechanic Ryan tuned up P9FR0X.
Pickup P9FR0X runs.
Mechanic Ryan test drove P9FR0X.
Pickup P9FR0X drives.
Mechanic Ryan locked P9FR0X.
Pickup P9FR0X locked.
Mechanic Ryan unlocked P4VIKC.
Pickup P4VIKC unlocked.
Mechanic Ryan washed P4VIKC.
Pickup P4VIKC sparkles.
Mechanic Ryan tuned up P4VIKC.
Pickup P4VIKC runs.
Mechanic Ryan test drove P4VIKC.
Pickup P4VIKC drives.
Mechanic Ryan locked P4VIKC.
Pickup P4VIKC locked.
Mechanic Ryan unlocked D53EO2.
Delivery D53EO2 unlocked.
Mechanic Ryan washed D53EO2.
Delivery D53EO2 shines.
Mechanic Ryan tuned up D53EO2.
Delivery D53EO2 runs.
Mechanic Ryan test drove D53EO2.
Delivery D53EO2 drives.
Mechanic Ryan locked D53EO2.
Delivery D53EO2 locked.
Mechanic Ryan unlocked DH6NA9.
Delivery DH6NA9 unlocked.
Mechanic Ryan washed DH6NA9.
Delivery DH6NA9 shines.
Mechanic Ryan tuned up DH6NA9.
Delivery DH6NA9 runs.
Mechanic Ryan test drove DH6NA9.
Delivery DH6NA9 drives.
Mechanic Ryan locked DH6NA9.
Delivery DH6NA9 locked.
Mechanic Ryan unlocked M1ITEZ.
Monster M1ITEZ unlocked.
Mechanic Ryan washed M1ITEZ.
Monster M1ITEZ sparkles.
Mechanic Ryan tuned up M1ITEZ.
Monster M1ITEZ runs.
Mechanic Ryan test drove M1ITEZ.
Monster M1ITEZ drives.
Mechanic Ryan locked M1ITEZ.
Monster M1ITEZ locked.
Mechanic Ryan unlocked MYEWI9.
Monster MYEWI9 unlocked.
Mechanic Ryan washed MYEWI9.
Monster MYEWI9 shines.
Mechanic Ryan tuned up MYEWI9.
Monster MYEWI9 runs.
Mechanic Ryan test drove MYEWI9.
Monster MYEWI9 drives.
Mechanic Ryan locked MYEWI9.
Monster MYEWI9 locked.
Mechanic Ryan unlocked SFHA2Y.
Schoolbus SFHA2Y unlocked.
Mechanic Ryan washed SFHA2Y.
Schoolbus SFHA2Y shines.
Mechanic Ryan tuned up SFHA2Y.
Schoolbus SFHA2Y runs.
Mechanic Ryan test drove SFHA2Y.
Schoolbus SFHA2Y drives.
Mechanic Ryan locked SFHA2Y.
Schoolbus SFHA2Y locked.
Mechanic Ryan unlocked S2PDBI.
Schoolbus S2PDBI unlocked.
Mechanic Ryan washed S2PDBI.
Schoolbus S2PDBI shines.
Mechanic Ryan tuned up S2PDBI.
Schoolbus S2PDBI runs.
Mechanic Ryan test drove S2PDBI.
Schoolbus S2PDBI drives.
Mechanic Ryan locked S2PDBI.
Schoolbus S2PDBI locked.
Mechanic Ryan unlocked SBK9UJ.
Shuttlebus SBK9UJ unlocked.
Mechanic Ryan washed SBK9UJ.
Shuttlebus SBK9UJ shines.
Mechanic Ryan tuned up SBK9UJ.
Shuttlebus SBK9UJ runs.
Mechanic Ryan test drove SBK9UJ.
Shuttlebus SBK9UJ drives.
Mechanic Ryan locked SBK9UJ.
Shuttlebus SBK9UJ locked.
Mechanic Ryan unlocked SXBSGN.
Shuttlebus SXBSGN unlocked.
Mechanic Ryan washed SXBSGN.
Shuttlebus SXBSGN shines.
Mechanic Ryan tuned up SXBSGN.
Shuttlebus SXBSGN runs.
Mechanic Ryan test drove SXBSGN.
Shuttlebus SXBSGN drives.
Mechanic Ryan locked SXBSGN.
Shuttlebus SXBSGN locked.
Mechanic Ryan leaves Garage on Day 2.
Mechanic Ryan arrives at Garage on Day 3.
Mechanic Ryan unlocked B698RB.
Bike B698RB unlocked.
Mechanic Ryan washed B698RB.
Bike B698RB sparkles.
Mechanic Ryan tuned up B698RB.
Bike B698RB runs.
Mechanic Ryan test drove B698RB.
Bike B698RB ridden.
Mechanic Ryan locked B698RB.
Bike B698RB locked.
Mechanic Ryan unlocked BLPKIY.
Bike BLPKIY unlocked.
Mechanic Ryan washed BLPKIY.
Bike BLPKIY shines.
Mechanic Ryan tuned up BLPKIY.
Bike BLPKIY runs.
Mechanic Ryan test drove BLPKIY.
Bike BLPKIY ridden.
Mechanic Ryan locked BLPKIY.
Bike BLPKIY locked.
Mechanic Ryan unlocked TRYHPI.
Trike TRYHPI unlocked.
Mechanic Ryan washed TRYHPI.
Trike TRYHPI shines.
Mechanic Ryan tuned up TRYHPI.
Trike TRYHPI runs.
Mechanic Ryan test drove TRYHPI.
Trike TRYHPI ridden.
Mechanic Ryan locked TRYHPI.
Trike TRYHPI locked.
Mechanic Ryan unlocked TIL6MD.
Trike TIL6MD unlocked.
Mechanic Ryan washed TIL6MD.
Trike TIL6MD shines.
Mechanic Ryan tuned up TIL6MD.
Trike TIL6MD runs.
Mechanic Ryan test drove TIL6MD.
Trike TIL6MD ridden.
Mechanic Ryan locked TIL6MD.
Trike TIL6MD locked.
Mechanic Ryan unlocked SKO7E0.
Sidecar SKO7E0 unlocked.
Mechanic Ryan washed SKO7E0.
Sidecar SKO7E0 shines.
Mechanic Ryan tuned up SKO7E0.
Sidecar SKO7E0 runs.
Mechanic Ryan test drove SKO7E0.
Sidecar SKO7E0 ridden.
Mechanic Ryan locked SKO7E0.
Sidecar SKO7E0 locked.
Mechanic Ryan unlocked SQORND.
Sidecar SQORND unlocked.
Mechanic Ryan washed SQORND.
Sidecar SQORND shines.
Mechanic Ryan tuned up SQORND.
Sidecar SQORND runs.
Mechanic Ryan test drove SQORND.
Sidecar SQORND ridden.
Mechanic Ryan locked SQORND.
Sidecar SQORND locked.
Mechanic Ryan unlocked H16L6R.
Hatchback H16L6R unlocked.
Mechanic Ryan washed H16L6R.
Hatchback H16L6R shines.
Mechanic Ryan tuned up H16L6R.
Hatchback H16L6R runs.
Mechanic Ryan test drove H16L6R.
Hatchback H16L6R drives.
Mechanic Ryan locked H16L6R.
Hatchback H16L6R locked.
Mechanic Ryan unlocked HDXCDZ.
Hatchback HDXCDZ unlocked.
Mechanic Ryan washed HDXCDZ.
Hatchback HDXCDZ shines.
Mechanic Ryan tuned up HDXCDZ.
Hatchback HDXCDZ runs.
Mechanic Ryan test drove HDXCDZ.
Hatchback HDXCDZ drives.
Mechanic Ryan locked HDXCDZ.
Hatchback HDXCDZ locked.
Mechanic Ryan unlocked SAVVVJ.
SUV SAVVVJ unlocked.
Mechanic Ryan washed SAVVVJ.
SUV SAVVVJ shines.
Mechanic Ryan tuned up SAVVVJ.
SUV SAVVVJ sputters.
Mechanic Ryan test drove SAVVVJ.
SUV SAVVVJ drives.
Mechanic Ryan locked SAVVVJ.
SUV SAVVVJ locked.
Mechanic Ryan unlocked S3NPU9.
SUV S3NPU9 unlocked.
Mechanic Ryan washed S3NPU9.
SUV S3NPU9 shines.
Mechanic Ryan tuned up S3NPU9.
SUV S3NPU9 runs.
Mechanic Ryan test drove S3NPU9.
SUV S3NPU9 drives.
Mechanic Ryan locked S3NPU9.
SUV S3NPU9 locked.
Mechanic Ryan unlocked WEIK1U.
Wagon WEIK1U unlocked.
Mechanic Ryan washed WEIK1U.
Wagon WEIK1U shines.
Mechanic Ryan tuned up WEIK1U.
Wagon WEIK1U runs.
Mechanic Ryan test drove WEIK1U.
Wagon WEIK1U drives.
Mechanic Ryan locked WEIK1U.
Wagon WEIK1U locked.
Mechanic Ryan unlocked WI9J9L.
Wagon WI9J9L unlocked.
Mechanic Ryan washed WI9J9L.
Wagon WI9J9L shines.
Mechanic Ryan tuned up WI9J9L.
Wagon WI9J9L runs.
Mechanic Ryan test drove WI9J9L.
Wagon WI9J9L drives.
Mechanic Ryan locked WI9J9L.
Wagon WI9J9L locked.
Mechanic Ryan unlocked C88JRG.
Convertible C88JRG unlocked.
Mechanic Ryan washed C88JRG.
Convertible C88JRG sparkles.
Mechanic Ryan tuned up C88JRG.
Convertible C88JRG runs.
Mechanic Ryan test drove C88JRG.
Convertible C88JRG drives.
Mechanic Ryan locked C88JRG.
Convertible C88JRG locked.
Mechanic Ryan unlocked CR08DY.
Convertible CR08DY unlocked.
Mechanic Ryan washed CR08DY.
Convertible CR08DY shines.
Mechanic Ryan tuned up CR08DY.
Convertible CR08DY runs.
Mechanic Ryan test drove CR08DY.
Convertible CR08DY drives.
Mechanic Ryan locked CR08DY.
Convertible CR08DY locked.
Mechanic Ryan unlocked P9FR0X.
Pickup P9FR0X unlocked.
Mechanic Ryan washed P9FR0X.
Pickup P9FR0X shines.
Mechanic Ryan tuned up P9FR0X.
Pickup P9FR0X runs.
Mechanic Ryan test drove P9FR0X.
Pickup P9FR0X drives.
Mechanic Ryan locked P9FR0X.
Pickup P9FR0X locked.
Mechanic Ryan unlocked P4VIKC.
Pickup P4VIKC unlocked.
Mechanic Ryan washed P4VIKC.
Pickup P4VIKC shines.
Mechanic Ryan tuned up P4VIKC.
Pickup P4VIKC runs.
Mechanic Ryan test drove P4VIKC.
Pickup P4VIKC drives.
Mechanic Ryan locked P4VIKC.
Pickup P4VIKC locked.
Mechanic Ryan unlocked D53EO2.
Delivery D53EO2 unlocked.
Mechanic Ryan washed D53EO2.
Delivery D53EO2 shines.
Mechanic Ryan tuned up D53EO2.
Delivery D53EO2 runs.
Mechanic Ryan test drove D53EO2.
Delivery D53EO2 drives.
Mechanic Ryan locked D53EO2.
Delivery D53EO2 locked.
Mechanic Ryan unlocked DH6NA9.
Delivery DH6NA9 unlocked.
Mechanic Ryan washed DH6NA9.
Delivery DH6NA9 shines.
Mechanic Ryan tuned up DH6NA9.
Delivery DH6NA9 runs.
Mechanic Ryan test drove DH6NA9.
Delivery DH6NA9 drives.
Mechanic Ryan locked DH6NA9.
Delivery DH6NA9 locked.
Mechanic Ryan unlocked M1ITEZ.
Monster M1ITEZ unlocked.
Mechanic Ryan washed M1ITEZ.
Monster M1ITEZ shines.
Mechanic Ryan tuned up M1ITEZ.
Monster M1ITEZ runs.
Mechanic Ryan test drove M1ITEZ.
Monster M1ITEZ crashed.
Mechanic Alex unlocked MYEWI9.
Monster MYEWI9 unlocked.
Mechanic Alex washed MYEWI9.
Monster MYEWI9 sparkles.
Mechanic Alex tuned up MYEWI9.
Monster MYEWI9 runs.
Mechanic Alex test drove MYEWI9.
Monster MYEWI9 drives.
Mechanic Alex locked MYEWI9.
Monster MYEWI9 locked.
Mechanic Alex unlocked SFHA2Y.
Schoolbus SFHA2Y unlocked.
Mechanic Alex washed SFHA2Y.
Schoolbus SFHA2Y shines.
Mechanic Alex tuned up SFHA2Y.
Schoolbus SFHA2Y runs.
Mechanic Alex test drove SFHA2Y.
Schoolbus SFHA2Y drives.
Mechanic Alex locked SFHA2Y.
Schoolbus SFHA2Y locked.
Mechanic Alex unlocked S2PDBI.
Schoolbus S2PDBI unlocked.
Mechanic Alex washed S2PDBI.
Schoolbus S2PDBI shines.
Mechanic Alex tuned up S2PDBI.
Schoolbus S2PDBI runs.
Mechanic Alex test drove S2PDBI.
Schoolbus S2PDBI drives.
Mechanic Alex locked S2PDBI.
Schoolbus S2PDBI locked.
Mechanic Alex unlocked SBK9UJ.
Shuttlebus SBK9UJ unlocked.
Mechanic Alex washed SBK9UJ.
Shuttlebus SBK9UJ shines.
Mechanic Alex tuned up SBK9UJ.
Shuttlebus SBK9UJ runs.
Mechanic Alex test drove SBK9UJ.
Shuttlebus SBK9UJ drives.
Mechanic Alex locked SBK9UJ.
Shuttlebus SBK9UJ locked.
Mechanic Alex unlocked SXBSGN.
Shuttlebus SXBSGN unlocked.
Mechanic Alex washed SXBSGN.
Shuttlebus SXBSGN shines.
Mechanic Alex tuned up SXBSGN.
Shuttlebus SXBSGN runs.
Mechanic Alex test drove SXBSGN.
Shuttlebus SXBSGN drives.
Mechanic Alex locked SXBSGN.
Shuttlebus SXBSGN locked.
Mechanic Alex leaves Garage on Day 3.
Mechanic Alex arrives at Garage on Day 4.
Mechanic Alex unlocked B698RB.
Bike B698RB unlocked.
Mechanic Alex washed B698RB.
Bike B698RB shines.
Mechanic Alex tuned up B698RB.
Bike B698RB runs.
Mechanic Alex test drove B698RB.
Bike B698RB ridden.
Mechanic Alex locked B698RB.
Bike B698RB locked.
Mechanic Alex unlocked BLPKIY.
Bike BLPKIY unlocked.
Mechanic Alex washed BLPKIY.
Bike BLPKIY sparkles.
Mechanic Alex tuned up BLPKIY.
Bike BLPKIY runs.
Mechanic Alex test drove BLPKIY.
Bike BLPKIY ridden.
Mechanic Alex locked BLPKIY.
Bike BLPKIY locked.
Mechanic Alex unlocked TRYHPI.
Trike TRYHPI unlocked.
Mechanic Alex washed TRYHPI.
Trike TRYHPI shines.
Mechanic Alex tuned up TRYHPI.
Trike TRYHPI runs.
Mechanic Alex test drove TRYHPI.
Trike TRYHPI ridden.
Mechanic Alex locked TRYHPI.
Trike TRYHPI locked.
Mechanic Alex unlocked TIL6MD.
Trike TIL6MD unlocked.
Mechanic Alex washed TIL6MD.
Trike TIL6MD shines.
Mechanic Alex tuned up TIL6MD.
Trike TIL6MD runs.
Mechanic Alex test drove TIL6MD.
Trike TIL6MD ridden.
Mechanic Alex locked TIL6MD.
Trike TIL6MD locked.
Mechanic Alex unlocked SKO7E0.
Sidecar SKO7E0 unlocked.
Mechanic Alex washed SKO7E0.
Sidecar SKO7E0 shines.
Mechanic Alex tuned up SKO7E0.
Sidecar SKO7E0 runs.
Mechanic Alex test drove SKO7E0.
Sidecar SKO7E0 ridden.
Mechanic Alex locked SKO7E0.
Sidecar SKO7E0 locked.
Mechanic Alex unlocked SQORND.
Sidecar SQORND unlocked.
Mechanic Alex washed SQORND.
Sidecar SQORND shines.
Mechanic Alex tuned up SQORND.
Sidecar SQORND runs.
Mechanic Alex test drove SQORND.
Sidecar SQORND ridden.
Mechanic Alex locked SQORND.
Sidecar SQORND locked.
Mechanic Alex unlocked H16L6R.
Hatchback H16L6R unlocked.
Mechanic Alex washed H16L6R.
Hatchback H16L6R sparkles.
Mechanic Alex tuned up H16L6R.
Hatchback H16L6R runs.
Mechanic Alex test drove H16L6R.
Hatchback H16L6R drives.
Mechanic Alex locked H16L6R.
Hatchback H16L6R locked.
Mechanic Alex unlocked HDXCDZ.
Hatchback HDXCDZ unlocked.
Mechanic Alex washed HDXCDZ.
Hatchback HDXCDZ shines.
Mechanic Alex tuned up HDXCDZ.
Hatchback HDXCDZ runs.
Mechanic Alex test drove HDXCDZ.
Hatchback HDXCDZ drives.
Mechanic Alex locked HDXCDZ.
Hatchback HDXCDZ locked.
Mechanic Alex unlocked SAVVVJ.
SUV SAVVVJ unlocked.
Mechanic Alex washed SAVVVJ.
SUV SAVVVJ sparkles.
Mechanic Alex tuned up SAVVVJ.
SUV SAVVVJ runs.
Mechanic Alex test drove SAVVVJ.
SUV SAVVVJ drives.
Mechanic Alex locked SAVVVJ.
SUV SAVVVJ locked.
Mechanic Alex unlocked S3NPU9.
SUV S3NPU9 unlocked.
Mechanic Alex washed S3NPU9.
SUV S3NPU9 shines.
Mechanic Alex tuned up S3NPU9.
SUV S3NPU9 runs.
Mechanic Alex test drove S3NPU9.
SUV S3NPU9 drives.
Mechanic Alex locked S3NPU9.
SUV S3NPU9 locked.
Mechanic Alex unlocked WEIK1U.
Wagon WEIK1U unlocked.
Mechanic Alex washed WEIK1U.
Wagon WEIK1U sparkles.
Mechanic Alex tuned up WEIK1U.
Wagon WEIK1U runs.
Mechanic Alex test drove WEIK1U.
Wagon WEIK1U drives.
Mechanic Alex locked WEIK1U.
Wagon WEIK1U locked.
Mechanic Alex unlocked WI9J9L.
Wagon WI9J9L unlocked.
Mechanic Alex washed WI9J9L.
Wagon WI9J9L sparkles.
Mechanic Alex tuned up WI9J9L.
Wagon WI9J9L runs.
Mechanic Alex test drove WI9J9L.
Wagon WI9J9L drives.
Mechanic Alex locked WI9J9L.
Wagon WI9J9L locked.
Mechanic Alex unlocked C88JRG.
Convertible C88JRG unlocked.
Mechanic Alex washed C88JRG.
Convertible C88JRG shines.
Mechanic Alex tuned up C88JRG.
Convertible C88JRG runs.
Mechanic Alex test drove C88JRG.
Convertible C88JRG drives.
Mechanic Alex locked C88JRG.
Convertible C88JRG locked.
Mechanic Alex unlocked CR08DY.
Convertible CR08DY unlocked.
Mechanic Alex washed CR08DY.
Convertible CR08DY shines.
Mechanic Alex tuned up CR08DY.
Convertible CR08DY sputters.
Mechanic Alex test drove CR08DY.
Convertible CR08DY drives.
Mechanic Alex locked CR08DY.
Convertible CR08DY locked.
Mechanic Alex unlocked P9FR0X.
Pickup P9FR0X unlocked.
Mechanic Alex washed P9FR0X.
Pickup P9FR0X shines.
Mechanic Alex tuned up P9FR0X.
Pickup P9FR0X runs.
Mechanic Alex test drove P9FR0X.
Pickup P9FR0X drives.
Mechanic Alex locked P9FR0X.
Pickup P9FR0X locked.
Mechanic Alex unlocked P4VIKC.
Pickup P4VIKC unlocked.
Mechanic Alex washed P4VIKC.
Pickup P4VIKC shines.
Mechanic Alex tuned up P4VIKC.
Pickup P4VIKC runs.
Mechanic Alex test drove P4VIKC.
Pickup P4VIKC drives.
Mechanic Alex locked P4VIKC.
Pickup P4VIKC locked.
Mechanic Alex unlocked D53EO2.
Delivery D53EO2 unlocked.
Mechanic Alex washed D53EO2.
Delivery D53EO2 shines.
Mechanic Alex tuned up D53EO2.
Delivery D53EO2 runs.
Mechanic Alex test drove D53EO2.
Delivery D53EO2 drives.
Mechanic Alex locked D53EO2.
Delivery D53EO2 locked.
Mechanic Alex unlocked DH6NA9.
Delivery DH6NA9 unlocked.
Mechanic Alex washed DH6NA9.
Delivery DH6NA9 shines.
Mechanic Alex tuned up DH6NA9.
Delivery DH6NA9 runs.
Mechanic Alex test drove DH6NA9.
Delivery DH6NA9 drives.
Mechanic Alex locked DH6NA9.
Delivery DH6NA9 locked.
Mechanic Alex unlocked MYEWI9.
Monster MYEWI9 unlocked.
Mechanic Alex washed MYEWI9.
Monster MYEWI9 shines.
Mechanic Alex tuned up MYEWI9.
Monster MYEWI9 runs.
Mechanic Alex test drove MYEWI9.
Monster MYEWI9 drives.
Mechanic Alex locked MYEWI9.
Monster MYEWI9 locked.
Mechanic Alex unlocked SFHA2Y.
Schoolbus SFHA2Y unlocked.
Mechanic Alex washed SFHA2Y.
Schoolbus SFHA2Y sparkles.
Mechanic Alex tuned up SFHA2Y.
Schoolbus SFHA2Y runs.
Mechanic Alex test drove SFHA2Y.
Schoolbus SFHA2Y drives.
Mechanic Alex locked SFHA2Y.
Schoolbus SFHA2Y locked.
Mechanic Alex unlocked S2PDBI.
Schoolbus S2PDBI unlocked.
Mechanic Alex washed S2PDBI.
Schoolbus S2PDBI shines.
Mechanic Alex tuned up S2PDBI.
Schoolbus S2PDBI runs.
Mechanic Alex test drove S2PDBI.
Schoolbus S2PDBI drives.
Mechanic Alex locked S2PDBI.
Schoolbus S2PDBI locked.
Mechanic Alex unlocked SBK9UJ.
Shuttlebus SBK9UJ unlocked.
Mechanic Alex washed SBK9UJ.
Shuttlebus SBK9UJ shines.
Mechanic Alex tuned up SBK9UJ.
Shuttlebus SBK9UJ runs.
Mechanic Alex test drove SBK9UJ.
Shuttlebus SBK9UJ drives.
Mechanic Alex locked SBK9UJ.
Shuttlebus SBK9UJ locked.
Mechanic Alex unlocked SXBSGN.
Shuttlebus SXBSGN unlocked.
Mechanic Alex washed SXBSGN.
Shuttlebus SXBSGN sparkles.
Mechanic Alex tuned up SXBSGN.
Shuttlebus SXBSGN runs.
Mechanic Alex test drove SXBSGN.
Shuttlebus SXBSGN drives.
Mechanic Alex locked SXBSGN.
Shuttlebus SXBSGN locked.
Mechanic Alex leaves Garage on Day 4.
Mechanic Alex arrives at Garage on Day 5.
Mechanic Alex unlocked B698RB.
Bike B698RB unlocked.
Mechanic Alex washed B698RB.
Bike B698RB sparkles.
Mechanic Alex tuned up B698RB.
Bike B698RB runs.
Mechanic Alex test drove B698RB.
Bike B698RB ridden.
Mechanic Alex locked B698RB.
Bike B698RB locked.
Mechanic Alex unlocked BLPKIY.
Bike BLPKIY unlocked.
Mechanic Alex washed BLPKIY.
Bike BLPKIY shines.
Mechanic Alex tuned up BLPKIY.
Bike BLPKIY runs.
Mechanic Alex test drove BLPKIY.
Bike BLPKIY ridden.
Mechanic Alex locked BLPKIY.
Bike BLPKIY locked.
Mechanic Alex unlocked TRYHPI.
Trike TRYHPI unlocked.
Mechanic Alex washed TRYHPI.
Trike TRYHPI shines.
Mechanic Alex tuned up TRYHPI.
Trike TRYHPI runs.
Mechanic Alex test drove TRYHPI.
Trike TRYHPI ridden.
Mechanic Alex locked TRYHPI.
Trike TRYHPI locked.
Mechanic Alex unlocked TIL6MD.
Trike TIL6MD unlocked.
Mechanic Alex washed TIL6MD.
Trike TIL6MD shines.
Mechanic Alex tuned up TIL6MD.
Trike TIL6MD runs.
Mechanic Alex test drove TIL6MD.
Trike TIL6MD ridden.
Mechanic Alex locked TIL6MD.
Trike TIL6MD locked.
Mechanic Alex unlocked SKO7E0.
Sidecar SKO7E0 unlocked.
Mechanic Alex washed SKO7E0.
Sidecar SKO7E0 shines.
Mechanic Alex tuned up SKO7E0.
Sidecar SKO7E0 runs.
Mechanic Alex test drove SKO7E0.
Sidecar SKO7E0 ridden.
Mechanic Alex locked SKO7E0.
Sidecar SKO7E0 locked.
Mechanic Alex unlocked SQORND.
Sidecar SQORND unlocked.
Mechanic Alex washed SQORND.
Sidecar SQORND shines.
Mechanic Alex tuned up SQORND.
Sidecar SQORND runs.
Mechanic Alex test drove SQORND.
Sidecar SQORND ridden.
Mechanic Alex locked SQORND.
Sidecar SQORND locked.
Mechanic Alex unlocked H16L6R.
Hatchback H16L6R unlocked.
Mechanic Alex washed H16L6R.
Hatchback H16L6R shines.
Mechanic Alex tuned up H16L6R.
Hatchback H16L6R runs.
Mechanic Alex test drove H16L6R.
Hatchback H16L6R drives.
Mechanic Alex locked H16L6R.
Hatchback H16L6R locked.
Mechanic Alex unlocked HDXCDZ.
Hatchback HDXCDZ unlocked.
Mechanic Alex washed HDXCDZ.
Hatchback HDXCDZ shines.
Mechanic Alex tuned up HDXCDZ.
Hatchback HDXCDZ sputters.
Mechanic Alex test drove HDXCDZ.
Hatchback HDXCDZ drives.
Mechanic Alex locked HDXCDZ.
Hatchback HDXCDZ locked.
Mechanic Alex unlocked SAVVVJ.
SUV SAVVVJ unlocked.
Mechanic Alex washed SAVVVJ.
SUV SAVVVJ shines.
Mechanic Alex tuned up SAVVVJ.
SUV SAVVVJ runs.
Mechanic Alex test drove SAVVVJ.
SUV SAVVVJ drives.
Mechanic Alex locked SAVVVJ.
SUV SAVVVJ locked.
Mechanic Alex unlocked S3NPU9.
SUV S3NPU9 unlocked.
Mechanic Alex washed S3NPU9.
SUV S3NPU9 sparkles.
Mechanic Alex tuned up S3NPU9.
SUV S3NPU9 runs.
Mechanic Alex test drove S3NPU9.
SUV S3NPU9 drives.
Mechanic Alex locked S3NPU9.
SUV S3NPU9 locked.
Mechanic Alex unlocked WEIK1U.
Wagon WEIK1U unlocked.
Mechanic Alex washed WEIK1U.
Wagon WEIK1U sparkles.
Mechanic Alex tuned up WEIK1U.
Wagon WEIK1U runs.
Mechanic Alex test drove WEIK1U.
Wagon WEIK1U drives.
Mechanic Alex locked WEIK1U.
Wagon WEIK1U locked.
Mechanic Alex unlocked WI9J9L.
Wagon WI9J9L unlocked.
Mechanic Alex washed WI9J9L.
Wagon WI9J9L sparkles.
Mechanic Alex tuned up WI9J9L.
Wagon WI9J9L runs.
Mechanic Alex test drove WI9J9L.
Wagon WI9J9L drives.
Mechanic Alex locked WI9J9L.
Wagon WI9J9L locked.
Mechanic Alex unlocked C88JRG.
Convertible C88JRG unlocked.
Mechanic Alex washed C88JRG.
Convertible C88JRG shines.
Mechanic Alex tuned up C88JRG.
Convertible C88JRG runs.
Mechanic Alex test drove C88JRG.
Convertible C88JRG drives.
Mechanic Alex locked C88JRG.
Convertible C88JRG locked.
Mechanic Alex unlocked CR08DY.
Convertible CR08DY unlocked.
Mechanic Alex washed CR08DY.
Convertible CR08DY shines.
Mechanic Alex tuned up CR08DY.
Convertible CR08DY sputters.
Mechanic Alex test drove CR08DY.
Convertible CR08DY drives.
Mechanic Alex locked CR08DY.
Convertible CR08DY locked.
Mechanic Alex unlocked P9FR0X.
Pickup P9FR0X unlocked.
Mechanic Alex washed P9FR0X.
Pickup P9FR0X shines.
Mechanic Alex tuned up P9FR0X.
Pickup P9FR0X runs.
Mechanic Alex test drove P9FR0X.
Pickup P9FR0X drives.
Mechanic Alex locked P9FR0X.
Pickup P9FR0X locked.
Mechanic Alex unlocked P4VIKC.
Pickup P4VIKC unlocked.
Mechanic Alex washed P4VIKC.
Pickup P4VIKC shines.
Mechanic Alex tuned up P4VIKC.
Pickup P4VIKC runs.
Mechanic Alex test drove P4VIKC.
Pickup P4VIKC drives.
Mechanic Alex locked P4VIKC.
Pickup P4VIKC locked.
Mechanic Alex unlocked D53EO2.
Delivery D53EO2 unlocked.
Mechanic Alex washed D53EO2.
Delivery D53EO2 shines.
Mechanic Alex tuned up D53EO2.
Delivery D53EO2 runs.
Mechanic Alex test drove D53EO2.
Delivery D53EO2 drives.
Mechanic Alex locked D53EO2.
Delivery D53EO2 locked.
Mechanic Alex unlocked DH6NA9.
Delivery DH6NA9 unlocked.
Mechanic Alex washed DH6NA9.
Delivery DH6NA9 sparkles.
Mechanic Alex tuned up DH6NA9.
Delivery DH6NA9 runs.
Mechanic Alex test drove DH6NA9.
Delivery DH6NA9 drives.
Mechanic Alex locked DH6NA9.
Delivery DH6NA9 locked.
Mechanic Alex unlocked MYEWI9.
Monster MYEWI9 unlocked.
Mechanic Alex washed MYEWI9.
Monster MYEWI9 shines.
Mechanic Alex tuned up MYEWI9.
Monster MYEWI9 runs.
Mechanic Alex test drove MYEWI9.
Monster MYEWI9 crashed.
Mechanic David unlocked SFHA2Y.
Schoolbus SFHA2Y unlocked.
Mechanic David washed SFHA2Y.
Schoolbus SFHA2Y shines.
Mechanic David tuned up SFHA2Y.
Schoolbus SFHA2Y runs.
Mechanic David test drove SFHA2Y.
Schoolbus SFHA2Y drives.
Mechanic David locked SFHA2Y.
Schoolbus SFHA2Y locked.
Mechanic David unlocked S2PDBI.
Schoolbus S2PDBI unlocked.
Mechanic David washed S2PDBI.
Schoolbus S2PDBI sparkles.
Mechanic David tuned up S2PDBI.
Schoolbus S2PDBI runs.
Mechanic David test drove S2PDBI.
Schoolbus S2PDBI drives.
Mechanic David locked S2PDBI.
Schoolbus S2PDBI locked.
Mechanic David unlocked SBK9UJ.
Shuttlebus SBK9UJ unlocked.
Mechanic David washed SBK9UJ.
Shuttlebus SBK9UJ shines.
Mechanic David tuned up SBK9UJ.
Shuttlebus SBK9UJ runs.
Mechanic David test drove SBK9UJ.
Shuttlebus SBK9UJ drives.
Mechanic David locked SBK9UJ.
Shuttlebus SBK9UJ locked.
Mechanic David unlocked SXBSGN.
Shuttlebus SXBSGN unlocked.
Mechanic David washed SXBSGN.
Shuttlebus SXBSGN shines.
Mechanic David tuned up SXBSGN.
Shuttlebus SXBSGN runs.
Mechanic David test drove SXBSGN.
Shuttlebus SXBSGN drives.
Mechanic David locked SXBSGN.
Shuttlebus SXBSGN locked.
Mechanic David leaves Garage on Day 5.
Mechanic David arrives at Garage on Day 6.
Mechanic David unlocked B698RB.
Bike B698RB unlocked.
Mechanic David washed B698RB.
Bike B698RB sparkles.
Mechanic David tuned up B698RB.
Bike B698RB runs.
Mechanic David test drove B698RB.
Bike B698RB ridden.
Mechanic David locked B698RB.
Bike B698RB locked.
Mechanic David unlocked BLPKIY.
Bike BLPKIY unlocked.
Mechanic David washed BLPKIY.
Bike BLPKIY shines.
Mechanic David tuned up BLPKIY.
Bike BLPKIY runs.
Mechanic David test drove BLPKIY.
Bike BLPKIY ridden.
Mechanic David locked BLPKIY.
Bike BLPKIY locked.
Mechanic David unlocked TRYHPI.
Trike TRYHPI unlocked.
Mechanic David washed TRYHPI.
Trike TRYHPI sparkles.
Mechanic David tuned up TRYHPI.
Trike TRYHPI runs.
Mechanic David test drove TRYHPI.
Trike TRYHPI ridden.
Mechanic David locked TRYHPI.
Trike TRYHPI locked.
Mechanic David unlocked TIL6MD.
Trike TIL6MD unlocked.
Mechanic David washed TIL6MD.
Trike TIL6MD sparkles.
Mechanic David tuned up TIL6MD.
Trike TIL6MD runs.
Mechanic David test drove TIL6MD.
Trike TIL6MD ridden.
Mechanic David locked TIL6MD.
Trike TIL6MD locked.
Mechanic David unlocked SKO7E0.
Sidecar SKO7E0 unlocked.
Mechanic David washed SKO7E0.
Sidecar SKO7E0 shines.
Mechanic David tuned up SKO7E0.
Sidecar SKO7E0 runs.
Mechanic David test drove SKO7E0.
Sidecar SKO7E0 ridden.
Mechanic David locked SKO7E0.
Sidecar SKO7E0 locked.
Mechanic David unlocked SQORND.
Sidecar SQORND unlocked.
Mechanic David washed SQORND.
Sidecar SQORND shines.
Mechanic David tuned up SQORND.
Sidecar SQORND runs.
Mechanic David test drove SQORND.
Sidecar SQORND ridden.
Mechanic David locked SQORND.
Sidecar SQORND locked.
Mechanic David unlocked H16L6R.
Hatchback H16L6R unlocked.
Mechanic David washed H16L6R.
Hatchback H16L6R shines.
Mechanic David tuned up H16L6R.
Hatchback H16L6R sputters.
Mechanic David test drove H16L6R.
Hatchback H16L6R drives.
Mechanic David locked H16L6R.
Hatchback H16L6R locked.
Mechanic David unlocked HDXCDZ.
Hatchback HDXCDZ unlocked.
Mechanic David washed HDXCDZ.
Hatchback HDXCDZ shines.
Mechanic David tuned up HDXCDZ.
Hatchback HDXCDZ sputters.
Mechanic David test drove HDXCDZ.
Hatchback HDXCDZ drives.
Mechanic David locked HDXCDZ.
Hatchback HDXCDZ locked.
Mechanic David unlocked SAVVVJ.
SUV SAVVVJ unlocked.
Mechanic David washed SAVVVJ.
SUV SAVVVJ shines.
Mechanic David tuned up SAVVVJ.
SUV SAVVVJ runs.
Mechanic David test drove SAVVVJ.
SUV SAVVVJ drives.
Mechanic David locked SAVVVJ.
SUV SAVVVJ locked.
Mechanic David unlocked S3NPU9.
SUV S3NPU9 unlocked.
Mechanic David washed S3NPU9.
SUV S3NPU9 sparkles.
Mechanic David tuned up S3NPU9.
SUV S3NPU9 sputters.
Mechanic David test drove S3NPU9.
SUV S3NPU9 drives.
Mechanic David locked S3NPU9.
SUV S3NPU9 locked.
Mechanic David unlocked WEIK1U.
Wagon WEIK1U unlocked.
Mechanic David washed WEIK1U.
Wagon WEIK1U shines.
Mechanic David tuned up WEIK1U.
Wagon WEIK1U runs.
Mechanic David test drove WEIK1U.
Wagon WEIK1U drives.
Mechanic David locked WEIK1U.
Wagon WEIK1U locked.
Mechanic David unlocked WI9J9L.
Wagon WI9J9L unlocked.
Mechanic David washed WI9J9L.
Wagon WI9J9L sparkles.
Mechanic David tuned up WI9J9L.
Wagon WI9J9L runs.
Mechanic David test drove WI9J9L.
Wagon WI9J9L drives.
Mechanic David locked WI9J9L.
Wagon WI9J9L locked.
Mechanic David unlocked C88JRG.
Convertible C88JRG unlocked.
Mechanic David washed C88JRG.
Convertible C88JRG sparkles.
Mechanic David tuned up C88JRG.
Convertible C88JRG runs.
Mechanic David test drove C88JRG.
Convertible C88JRG drives.
Mechanic David locked C88JRG.
Convertible C88JRG locked.
Mechanic David unlocked CR08DY.
Convertible CR08DY unlocked.
Mechanic David washed CR08DY.
Convertible CR08DY shines.
Mechanic David tuned up CR08DY.
Convertible CR08DY runs.
Mechanic David test drove CR08DY.
Convertible CR08DY drives.
Mechanic David locked CR08DY.
Convertible CR08DY locked.
Mechanic David unlocked P9FR0X.
Pickup P9FR0X unlocked.
Mechanic David washed P9FR0X.
Pickup P9FR0X shines.
Mechanic David tuned up P9FR0X.
Pickup P9FR0X runs.
Mechanic David test drove P9FR0X.
Pickup P9FR0X drives.
Mechanic David locked P9FR0X.
Pickup P9FR0X locked.
Mechanic David unlocked P4VIKC.
Pickup P4VIKC unlocked.
Mechanic David washed P4VIKC.
Pickup P4VIKC shines.
Mechanic David tuned up P4VIKC.
Pickup P4VIKC runs.
Mechanic David test drove P4VIKC.
Pickup P4VIKC drives.
Mechanic David locked P4VIKC.
Pickup P4VIKC locked.
Mechanic David unlocked D53EO2.
Delivery D53EO2 unlocked.
Mechanic David washed D53EO2.
Delivery D53EO2 shines.
Mechanic David tuned up D53EO2.
Delivery D53EO2 runs.
Mechanic David test drove D53EO2.
Delivery D53EO2 drives.
Mechanic David locked D53EO2.
Delivery D53EO2 locked.
Mechanic David unlocked DH6NA9.
Delivery DH6NA9 unlocked.
Mechanic David washed DH6NA9.
Delivery DH6NA9 shines.
Mechanic David tuned up DH6NA9.
Delivery DH6NA9 runs.
Mechanic David test drove DH6NA9.
Delivery DH6NA9 drives.
Mechanic David locked DH6NA9.
Delivery DH6NA9 locked.
Mechanic David unlocked SFHA2Y.
Schoolbus SFHA2Y unlocked.
Mechanic David washed SFHA2Y.
Schoolbus SFHA2Y sparkles.
Mechanic David tuned up SFHA2Y.
Schoolbus SFHA2Y runs.
Mechanic David test drove SFHA2Y.
Schoolbus SFHA2Y drives.
Mechanic David locked SFHA2Y.
Schoolbus SFHA2Y locked.
Mechanic David unlocked S2PDBI.
Schoolbus S2PDBI unlocked.
Mechanic David washed S2PDBI.
Schoolbus S2PDBI sparkles.
Mechanic David tuned up S2PDBI.
Schoolbus S2PDBI runs.
Mechanic David test drove S2PDBI.
Schoolbus S2PDBI drives.
Mechanic David locked S2PDBI.
Schoolbus S2PDBI locked.
Mechanic David unlocked SBK9UJ.
Shuttlebus SBK9UJ unlocked.
Mechanic David washed SBK9UJ.
Shuttlebus SBK9UJ shines.
Mechanic David tuned up SBK9UJ.
Shuttlebus SBK9UJ runs.
Mechanic David test drove SBK9UJ.
Shuttlebus SBK9UJ drives.
Mechanic David locked SBK9UJ.
Shuttlebus SBK9UJ locked.
Mechanic David unlocked SXBSGN.
Shuttlebus SXBSGN unlocked.
Mechanic David washed SXBSGN.
Shuttlebus SXBSGN sparkles.
Mechanic David tuned up SXBSGN.
Shuttlebus SXBSGN runs.
Mechanic David test drove SXBSGN.
Shuttlebus SXBSGN drives.
Mechanic David locked SXBSGN.
Shuttlebus SXBSGN locked.
Mechanic David leaves Garage on Day 6.
Mechanic David arrives at Garage on Day 7.
Mechanic David unlocked B698RB.
Bike B698RB unlocked.
Mechanic David washed B698RB.
Bike B698RB shines.
Mechanic David tuned up B698RB.
Bike B698RB runs.
Mechanic David test drove B698RB.
Bike B698RB ridden.
Mechanic David locked B698RB.
Bike B698RB locked.
Mechanic David unlocked BLPKIY.
Bike BLPKIY unlocked.
Mechanic David washed BLPKIY.
Bike BLPKIY shines.
Mechanic David tuned up BLPKIY.
Bike BLPKIY runs.
Mechanic David test drove BLPKIY.
Bike BLPKIY ridden.
Mechanic David locked BLPKIY.
Bike BLPKIY locked.
Mechanic David unlocked TRYHPI.
Trike TRYHPI unlocked.
Mechanic David washed TRYHPI.
Trike TRYHPI shines.
Mechanic David tuned up TRYHPI.
Trike TRYHPI runs.
Mechanic David test drove TRYHPI.
Trike TRYHPI ridden.
Mechanic David locked TRYHPI.
Trike TRYHPI locked.
Mechanic David unlocked TIL6MD.
Trike TIL6MD unlocked.
Mechanic David washed TIL6MD.
Trike TIL6MD shines.
Mechanic David tuned up TIL6MD.
Trike TIL6MD runs.
Mechanic David test drove TIL6MD.
Trike TIL6MD ridden.
Mechanic David locked TIL6MD.
Trike TIL6MD locked.
Mechanic David unlocked SKO7E0.
Sidecar SKO7E0 unlocked.
Mechanic David washed SKO7E0.
Sidecar SKO7E0 shines.
Mechanic David tuned up SKO7E0.
Sidecar SKO7E0 runs.
Mechanic David test drove SKO7E0.
Sidecar SKO7E0 ridden.
Mechanic David locked SKO7E0.
Sidecar SKO7E0 locked.
Mechanic David unlocked SQORND.
Sidecar SQORND unlocked.
Mechanic David washed SQORND.
Sidecar SQORND shines.
Mechanic David tuned up SQORND.
Sidecar SQORND runs.
Mechanic David test drove SQORND.
Sidecar SQORND ridden.
Mechanic David locked SQORND.
Sidecar SQORND locked.
Mechanic David unlocked H16L6R.
Hatchback H16L6R unlocked.
Mechanic David washed H16L6R.
Hatchback H16L6R sparkles.
Mechanic David tuned up H16L6R.
Hatchback H16L6R runs.
Mechanic David test drove H16L6R.
Hatchback H16L6R drives.
Mechanic David locked H16L6R.
Hatchback H16L6R locked.
Mechanic David unlocked HDXCDZ.
Hatchback HDXCDZ unlocked.
Mechanic David washed HDXCDZ.
Hatchback HDXCDZ shines.
Mechanic David tuned up HDXCDZ.
Hatchback HDXCDZ runs.
Mechanic David test drove HDXCDZ.
Hatchback HDXCDZ drives.
Mechanic David locked HDXCDZ.
Hatchback HDXCDZ locked.
Mechanic David unlocked SAVVVJ.
SUV SAVVVJ unlocked.
Mechanic David washed SAVVVJ.
SUV SAVVVJ shines.
Mechanic David tuned up SAVVVJ.
SUV SAVVVJ sputters.
Mechanic David test drove SAVVVJ.
SUV SAVVVJ drives.
Mechanic David locked SAVVVJ.
SUV SAVVVJ locked.
Mechanic David unlocked S3NPU9.
SUV S3NPU9 unlocked.
Mechanic David washed S3NPU9.
SUV S3NPU9 sparkles.
Mechanic David tuned up S3NPU9.
SUV S3NPU9 runs.
Mechanic David test drove S3NPU9.
SUV S3NPU9 drives.
Mechanic David locked S3NPU9.
SUV S3NPU9 locked.
Mechanic David unlocked WEIK1U.
Wagon WEIK1U unlocked.
Mechanic David washed WEIK1U.
Wagon WEIK1U shines.
Mechanic David tuned up WEIK1U.
Wagon WEIK1U runs.
Mechanic David test drove WEIK1U.
Wagon WEIK1U drives.
Mechanic David locked WEIK1U.
Wagon WEIK1U locked.
Mechanic David unlocked WI9J9L.
Wagon WI9J9L unlocked.
Mechanic David washed WI9J9L.
Wagon WI9J9L shines.
Mechanic David tuned up WI9J9L.
Wagon WI9J9L runs.
Mechanic David test drove WI9J9L.
Wagon WI9J9L drives.
Mechanic David locked WI9J9L.
Wagon WI9J9L locked.
Mechanic David unlocked C88JRG.
Convertible C88JRG unlocked.
Mechanic David washed C88JRG.
Convertible C88JRG shines.
Mechanic David tuned up C88JRG.
Convertible C88JRG runs.
Mechanic David test drove C88JRG.
Convertible C88JRG drives.
Mechanic David locked C88JRG.
Convertible C88JRG locked.
Mechanic David unlocked CR08DY.
Convertible CR08DY unlocked.
Mechanic David washed CR08DY.
Convertible CR08DY shines.
Mechanic David tuned up CR08DY.
Convertible CR08DY sputters.
Mechanic David test drove CR08DY.
Convertible CR08DY drives.
Mechanic David locked CR08DY.
Convertible CR08DY locked.
Mechanic David unlocked P9FR0X.
Pickup P9FR0X unlocked.
Mechanic David washed P9FR0X.
Pickup P9FR0X sparkles.
Mechanic David tuned up P9FR0X.
Pickup P9FR0X runs.
Mechanic David test drove P9FR0X.
Pickup P9FR0X drives.
Mechanic David locked P9FR0X.
Pickup P9FR0X locked.
Mechanic David unlocked P4VIKC.
Pickup P4VIKC unlocked.
Mechanic David washed P4VIKC.
Pickup P4VIKC shines.
Mechanic David tuned up P4VIKC.
Pickup P4VIKC runs.
Mechanic David test drove P4VIKC.
Pickup P4VIKC drives.
Mechanic David locked P4VIKC.
Pickup P4VIKC locked.
Mechanic David unlocked D53EO2.
Delivery D53EO2 unlocked.
Mechanic David washed D53EO2.
Delivery D53EO2 shines.
Mechanic David tuned up D53EO2.
Delivery D53EO2 runs.
Mechanic David test drove D53EO2.
Delivery D53EO2 drives.
Mechanic David locked D53EO2.
Delivery D53EO2 locked.
Mechanic David unlocked DH6NA9.
Delivery DH6NA9 unlocked.
Mechanic David washed DH6NA9.
Delivery DH6NA9 shines.
Mechanic David tuned up DH6NA9.
Delivery DH6NA9 runs.
Mechanic David test drove DH6NA9.
Delivery DH6NA9 drives.
Mechanic David locked DH6NA9.
Delivery DH6NA9 locked.
Mechanic David unlocked SFHA2Y.
Schoolbus SFHA2Y unlocked.
Mechanic David washed SFHA2Y.
Schoolbus SFHA2Y sparkles.
Mechanic David tuned up SFHA2Y.
Schoolbus SFHA2Y runs.
Mechanic David test drove SFHA2Y.
Schoolbus SFHA2Y drives.
Mechanic David locked SFHA2Y.
Schoolbus SFHA2Y locked.
Mechanic David unlocked S2PDBI.
Schoolbus S2PDBI unlocked.
Mechanic David washed S2PDBI.
Schoolbus S2PDBI shines.
Mechanic David tuned up S2PDBI.
Schoolbus S2PDBI runs.
Mechanic David test drove S2PDBI.
Schoolbus S2PDBI drives.
Mechanic David locked S2PDBI.
Schoolbus S2PDBI locked.
Mechanic David unlocked SBK9UJ.
Shuttlebus SBK9UJ unlocked.
Mechanic David washed SBK9UJ.
Shuttlebus SBK9UJ shines.
Mechanic David tuned up SBK9UJ.
Shuttlebus SBK9UJ runs.
Mechanic David test drove SBK9UJ.
Shuttlebus SBK9UJ drives.
Mechanic David locked SBK9UJ.
Shuttlebus SBK9UJ locked.
Mechanic David unlocked SXBSGN.
Shuttlebus SXBSGN unlocked.
Mechanic David washed SXBSGN.
Shuttlebus SXBSGN sparkles.
Mechanic David tuned up SXBSGN.
Shuttlebus SXBSGN runs.
Mechanic David test drove SXBSGN.
Shuttlebus SXBSGN drives.
Mechanic David locked SXBSGN.
Shuttlebus SXBSGN locked.
Mechanic David leaves Garage on Day 7.
Mechanic David arrives at Garage on Day 8.
Mechanic David unlocked B698RB.
Bike B698RB unlocked.
Mechanic David washed B698RB.
Bike B698RB shines.
Mechanic David tuned up B698RB.
Bike B698RB runs.
Mechanic David test drove B698RB.
Bike B698RB ridden.
Mechanic David locked B698RB.
Bike B698RB locked.
Mechanic David unlocked BLPKIY.
Bike BLPKIY unlocked.
Mechanic David washed BLPKIY.
Bike BLPKIY sparkles.
Mechanic David tuned up BLPKIY.
Bike BLPKIY runs.
Mechanic David test drove BLPKIY.
Bike BLPKIY ridden.
Mechanic David locked BLPKIY.
Bike BLPKIY locked.
Mechanic David unlocked TRYHPI.
Trike TRYHPI unlocked.
Mechanic David washed TRYHPI.
Trike TRYHPI shines.
Mechanic David tuned up TRYHPI.
Trike TRYHPI runs.
Mechanic David test drove TRYHPI.
Trike TRYHPI ridden.
Mechanic David locked TRYHPI.
Trike TRYHPI locked.
Mechanic David unlocked TIL6MD.
Trike TIL6MD unlocked.
Mechanic David washed TIL6MD.
Trike TIL6MD sparkles.
Mechanic David tuned up TIL6MD.
Trike TIL6MD runs.
Mechanic David test drove TIL6MD.
Trike TIL6MD ridden.
Mechanic David locked TIL6MD.
Trike TIL6MD locked.
Mechanic David unlocked SKO7E0.
Sidecar SKO7E0 unlocked.
Mechanic David washed SKO7E0.
Sidecar SKO7E0 shines.
Mechanic David tuned up SKO7E0.
Sidecar SKO7E0 runs.
Mechanic David test drove SKO7E0.
Sidecar SKO7E0 ridden.
Mechanic David locked SKO7E0.
Sidecar SKO7E0 locked.
Mechanic David unlocked SQORND.
Sidecar SQORND unlocked.
Mechanic David washed SQORND.
Sidecar SQORND shines.
Mechanic David tuned up SQORND.
Sidecar SQORND runs.
Mechanic David test drove SQORND.
Sidecar SQORND ridden.
Mechanic David locked SQORND.
Sidecar SQORND locked.
Mechanic David unlocked H16L6R.
Hatchback H16L6R unlocked.
Mechanic David washed H16L6R.
Hatchback H16L6R shines.
Mechanic David tuned up H16L6R.
Hatchback H16L6R runs.
Mechanic David test drove H16L6R.
Hatchback H16L6R drives.
Mechanic David locked H16L6R.
Hatchback H16L6R locked.
Mechanic David unlocked HDXCDZ.
Hatchback HDXCDZ unlocked.
Mechanic David washed HDXCDZ.
Hatchback HDXCDZ sparkles.
Mechanic David tuned up HDXCDZ.
Hatchback HDXCDZ sputters.
Mechanic David test drove HDXCDZ.
Hatchback HDXCDZ drives.
Mechanic David locked HDXCDZ.
Hatchback HDXCDZ locked.
Mechanic David unlocked SAVVVJ.
SUV SAVVVJ unlocked.
Mechanic David washed SAVVVJ.
SUV SAVVVJ shines.
Mechanic David tuned up SAVVVJ.
SUV SAVVVJ sputters.
Mechanic David test drove SAVVVJ.
SUV SAVVVJ drives.
Mechanic David locked SAVVVJ.
SUV SAVVVJ locked.
Mechanic David unlocked S3NPU9.
SUV S3NPU9 unlocked.
Mechanic David washed S3NPU9.
SUV S3NPU9 sparkles.
Mechanic David tuned up S3NPU9.
SUV S3NPU9 sputters.
Mechanic David test drove S3NPU9.
SUV S3NPU9 drives.
Mechanic David locked S3NPU9.
SUV S3NPU9 locked.
Mechanic David unlocked WEIK1U.
Wagon WEIK1U unlocked.
Mechanic David washed WEIK1U.
Wagon WEIK1U shines.
Mechanic David tuned up WEIK1U.
Wagon WEIK1U runs.
Mechanic David test drove WEIK1U.
Wagon WEIK1U drives.
Mechanic David locked WEIK1U.
Wagon WEIK1U locked.
Mechanic David unlocked WI9J9L.
Wagon WI9J9L unlocked.
Mechanic David washed WI9J9L.
Wagon WI9J9L shines.
Mechanic David tuned up WI9J9L.
Wagon WI9J9L runs.
Mechanic David test drove WI9J9L.
Wagon WI9J9L drives.
Mechanic David locked WI9J9L.
Wagon WI9J9L locked.
Mechanic David unlocked C88JRG.
Convertible C88JRG unlocked.
Mechanic David washed C88JRG.
Convertible C88JRG sparkles.
Mechanic David tuned up C88JRG.
Convertible C88JRG sputters.
Mechanic David test drove C88JRG.
Convertible C88JRG drives.
Mechanic David locked C88JRG.
Convertible C88JRG locked.
Mechanic David unlocked CR08DY.
Convertible CR08DY unlocked.
Mechanic David washed CR08DY.
Convertible CR08DY sparkles.
Mechanic David tuned up CR08DY.
Convertible CR08DY runs.
Mechanic David test drove CR08DY.
Convertible CR08DY drives.
Mechanic David locked CR08DY.
Convertible CR08DY locked.
Mechanic David unlocked P9FR0X.
Pickup P9FR0X unlocked.
Mechanic David washed P9FR0X.
Pickup P9FR0X shines.
Mechanic David tuned up P9FR0X.
Pickup P9FR0X runs.
Mechanic David test drove P9FR0X.
Pickup P9FR0X drives.
Mechanic David locked P9FR0X.
Pickup P9FR0X locked.
Mechanic David unlocked P4VIKC.
Pickup P4VIKC unlocked.
Mechanic David washed P4VIKC.
Pickup P4VIKC sparkles.
Mechanic David tuned up P4VIKC.
Pickup P4VIKC runs.
Mechanic David test drove P4VIKC.
Pickup P4VIKC drives.
Mechanic David locked P4VIKC.
Pickup P4VIKC locked.
Mechanic David unlocked D53EO2.
Delivery D53EO2 unlocked.
Mechanic David washed D53EO2.
Delivery D53EO2 sparkles.
Mechanic David tuned up D53EO2.
Delivery D53EO2 runs.
Mechanic David test drove D53EO2.
Delivery D53EO2 drives.
Mechanic David locked D53EO2.
Delivery D53EO2 locked.
Mechanic David unlocked DH6NA9.
Delivery DH6NA9 unlocked.
Mechanic David washed DH6NA9.
Delivery DH6NA9 sparkles.
Mechanic David tuned up DH6NA9.
Delivery DH6NA9 runs.
Mechanic David test drove DH6NA9.
Delivery DH6NA9 drives.
Mechanic David locked DH6NA9.
Delivery DH6NA9 locked.
Mechanic David unlocked SFHA2Y.
Schoolbus SFHA2Y unlocked.
Mechanic David washed SFHA2Y.
Schoolbus SFHA2Y shines.
Mechanic David tuned up SFHA2Y.
Schoolbus SFHA2Y runs.
Mechanic David test drove SFHA2Y.
Schoolbus SFHA2Y drives.
Mechanic David locked SFHA2Y.
Schoolbus SFHA2Y locked.
Mechanic David unlocked S2PDBI.
Schoolbus S2PDBI unlocked.
Mechanic David washed S2PDBI.
Schoolbus S2PDBI sparkles.
Mechanic David tuned up S2PDBI.
Schoolbus S2PDBI runs.
Mechanic David test drove S2PDBI.
Schoolbus S2PDBI drives.
Mechanic David locked S2PDBI.
Schoolbus S2PDBI locked.
Mechanic David unlocked SBK9UJ.
Shuttlebus SBK9UJ unlocked.
Mechanic David washed SBK9UJ.
Shuttlebus SBK9UJ shines.
Mechanic David tuned up SBK9UJ.
Shuttlebus SBK9UJ runs.
Mechanic David test drove SBK9UJ.
Shuttlebus SBK9UJ drives.
Mechanic David locked SBK9UJ.
Shuttlebus SBK9UJ locked.
Mechanic David unlocked SXBSGN.
Shuttlebus SXBSGN unlocked.
Mechanic David washed SXBSGN.
Shuttlebus SXBSGN shines.
Mechanic David tuned up SXBSGN.
Shuttlebus SXBSGN runs.
Mechanic David test drove SXBSGN.
Shuttlebus SXBSGN drives.
Mechanic David locked SXBSGN.
Shuttlebus SXBSGN locked.
Mechanic David leaves Garage on Day 8.
Mechanic David arrives at Garage on Day 9.
Mechanic David unlocked B698RB.
Bike B698RB unlocked.
Mechanic David washed B698RB.
Bike B698RB sparkles.
Mechanic David tuned up B698RB.
Bike B698RB runs.
Mechanic David test drove B698RB.
Bike B698RB ridden.
Mechanic David locked B698RB.
Bike B698RB locked.
Mechanic David unlocked BLPKIY.
Bike BLPKIY unlocked.
Mechanic David washed BLPKIY.
Bike BLPKIY shines.
Mechanic David tuned up BLPKIY.
Bike BLPKIY runs.
Mechanic David test drove BLPKIY.
Bike BLPKIY ridden.
Mechanic David locked BLPKIY.
Bike BLPKIY locked.
Mechanic David unlocked TRYHPI.
Trike TRYHPI unlocked.
Mechanic David washed TRYHPI.
Trike TRYHPI shines.
Mechanic David tuned up TRYHPI.
Trike TRYHPI runs.
Mechanic David test drove TRYHPI.
Trike TRYHPI ridden.
Mechanic David locked TRYHPI.
Trike TRYHPI locked.
Mechanic David unlocked TIL6MD.
Trike TIL6MD unlocked.
Mechanic David washed TIL6MD.
Trike TIL6MD sparkles.
Mechanic David tuned up TIL6MD.
Trike TIL6MD runs.
Mechanic David test drove TIL6MD.
Trike TIL6MD ridden.
Mechanic David locked TIL6MD.
Trike TIL6MD locked.
Mechanic David unlocked SKO7E0.
Sidecar SKO7E0 unlocked.
Mechanic David washed SKO7E0.
Sidecar SKO7E0 shines.
Mechanic David tuned up SKO7E0.
Sidecar SKO7E0 runs.
Mechanic David test drove SKO7E0.
Sidecar SKO7E0 ridden.
Mechanic David locked SKO7E0.
Sidecar SKO7E0 locked.
Mechanic David unlocked SQORND.
Sidecar SQORND unlocked.
Mechanic David washed SQORND.
Sidecar SQORND shines.
Mechanic David tuned up SQORND.
Sidecar SQORND runs.
Mechanic David test drove SQORND.
Sidecar SQORND ridden.
Mechanic David locked SQORND.
Sidecar SQORND locked.
Mechanic David unlocked H16L6R.
Hatchback H16L6R unlocked.
Mechanic David washed H16L6R.
Hatchback H16L6R shines.
Mechanic David tuned up H16L6R.
Hatchback H16L6R runs.
Mechanic David test drove H16L6R.
Hatchback H16L6R drives.
Mechanic David locked H16L6R.
Hatchback H16L6R locked.
Mechanic David unlocked HDXCDZ.
Hatchback HDXCDZ unlocked.
Mechanic David washed HDXCDZ.
Hatchback HDXCDZ shines.
Mechanic David tuned up HDXCDZ.
Hatchback HDXCDZ runs.
Mechanic David test drove HDXCDZ.
Hatchback HDXCDZ drives.
Mechanic David locked HDXCDZ.
Hatchback HDXCDZ locked.
Mechanic David unlocked SAVVVJ.
SUV SAVVVJ unlocked.
Mechanic David washed SAVVVJ.
SUV SAVVVJ shines.
Mechanic David tuned up SAVVVJ.
SUV SAVVVJ runs.
Mechanic David test drove SAVVVJ.
SUV SAVVVJ drives.
Mechanic David locked SAVVVJ.
SUV SAVVVJ locked.
Mechanic David unlocked S3NPU9.
SUV S3NPU9 unlocked.
Mechanic David washed S3NPU9.
SUV S3NPU9 shines.
Mechanic David tuned up S3NPU9.
SUV S3NPU9 sputters.
Mechanic David test drove S3NPU9.
SUV S3NPU9 drives.
Mechanic David locked S3NPU9.
SUV S3NPU9 locked.
Mechanic David unlocked WEIK1U.
Wagon WEIK1U unlocked.
Mechanic David washed WEIK1U.
Wagon WEIK1U shines.
Mechanic David tuned up WEIK1U.
Wagon WEIK1U sputters.
Mechanic David test drove WEIK1U.
Wagon WEIK1U drives.
Mechanic David locked WEIK1U.
Wagon WEIK1U locked.
Mechanic David unlocked WI9J9L.
Wagon WI9J9L unlocked.
Mechanic David washed WI9J9L.
Wagon WI9J9L shines.
Mechanic David tuned up WI9J9L.
Wagon WI9J9L sputters.
Mechanic David test drove WI9J9L.
Wagon WI9J9L drives.
Mechanic David locked WI9J9L.
Wagon WI9J9L locked.
Mechanic David unlocked C88JRG.
Convertible C88JRG unlocked.
Mechanic David washed C88JRG.
Convertible C88JRG sparkles.
Mechanic David tuned up C88JRG.
Convertible C88JRG sputters.
Mechanic David test drove C88JRG.
Convertible C88JRG drives.
Mechanic David locked C88JRG.
Convertible C88JRG locked.
Mechanic David unlocked CR08DY.
Convertible CR08DY unlocked.
Mechanic David washed CR08DY.
Convertible CR08DY sparkles.
Mechanic David tuned up CR08DY.
Convertible CR08DY runs.
Mechanic David test drove CR08DY.
Convertible CR08DY drives.
Mechanic David locked CR08DY.
Convertible CR08DY locked.
Mechanic David unlocked P9FR0X.
Pickup P9FR0X unlocked.
Mechanic David washed P9FR0X.
Pickup P9FR0X shines.
Mechanic David tuned up P9FR0X.
Pickup P9FR0X runs.
Mechanic David test drove P9FR0X.
Pickup P9FR0X drives.
Mechanic David locked P9FR0X.
Pickup P9FR0X locked.
Mechanic David unlocked P4VIKC.
Pickup P4VIKC unlocked.
Mechanic David washed P4VIKC.
Pickup P4VIKC shines.
Mechanic David tuned up P4VIKC.
Pickup P4VIKC runs.
Mechanic David test drove P4VIKC.
Pickup P4VIKC drives.
Mechanic David locked P4VIKC.
Pickup P4VIKC locked.
Mechanic David unlocked D53EO2.
Delivery D53EO2 unlocked.
Mechanic David washed D53EO2.
Delivery D53EO2 shines.
Mechanic David tuned up D53EO2.
Delivery D53EO2 runs.
Mechanic David test drove D53EO2.
Delivery D53EO2 drives.
Mechanic David locked D53EO2.
Delivery D53EO2 locked.
Mechanic David unlocked DH6NA9.
Delivery DH6NA9 unlocked.
Mechanic David washed DH6NA9.
Delivery DH6NA9 shines.
Mechanic David tuned up DH6NA9.
Delivery DH6NA9 runs.
Mechanic David test drove DH6NA9.
Delivery DH6NA9 drives.
Mechanic David locked DH6NA9.
Delivery DH6NA9 locked.
Mechanic David unlocked SFHA2Y.
Schoolbus SFHA2Y unlocked.
Mechanic David washed SFHA2Y.
Schoolbus SFHA2Y shines.
Mechanic David tuned up SFHA2Y.
Schoolbus SFHA2Y runs.
Mechanic David test drove SFHA2Y.
Schoolbus SFHA2Y drives.
Mechanic David locked SFHA2Y.
Schoolbus SFHA2Y locked.
Mechanic David unlocked S2PDBI.
Schoolbus S2PDBI unlocked.
Mechanic David washed S2PDBI.
Schoolbus S2PDBI shines.
Mechanic David tuned up S2PDBI.
Schoolbus S2PDBI runs.
Mechanic David test drove S2PDBI.
Schoolbus S2PDBI drives.
Mechanic David locked S2PDBI.
Schoolbus S2PDBI locked.
Mechanic David unlocked SBK9UJ.
Shuttlebus SBK9UJ unlocked.
Mechanic David washed SBK9UJ.
Shuttlebus SBK9UJ shines.
Mechanic David tuned up SBK9UJ.
Shuttlebus SBK9UJ runs.
Mechanic David test drove SBK9UJ.
Shuttlebus SBK9UJ drives.
Mechanic David locked SBK9UJ.
Shuttlebus SBK9UJ locked.
Mechanic David unlocked SXBSGN.
Shuttlebus SXBSGN unlocked.
Mechanic David washed SXBSGN.
Shuttlebus SXBSGN shines.
Mechanic David tuned up SXBSGN.
Shuttlebus SXBSGN runs.
Mechanic David test drove SXBSGN.
Shuttlebus SXBSGN drives.
Mechanic David locked SXBSGN.
Shuttlebus SXBSGN locked.
Mechanic David leaves Garage on Day 9.
Mechanic David arrives at Garage on Day 10.
Mechanic David unlocked B698RB.
Bike B698RB unlocked.
Mechanic David washed B698RB.
Bike B698RB shines.
Mechanic David tuned up B698RB.
Bike B698RB runs.
Mechanic David test drove B698RB.
Bike B698RB ridden.
Mechanic David locked B698RB.
Bike B698RB locked.
Mechanic David unlocked BLPKIY.
Bike BLPKIY unlocked.
Mechanic David washed BLPKIY.
Bike BLPKIY shines.
Mechanic David tuned up BLPKIY.
Bike BLPKIY runs.
Mechanic David test drove BLPKIY.
Bike BLPKIY ridden.
Mechanic David locked BLPKIY.
Bike BLPKIY locked.
Mechanic David unlocked TRYHPI.
Trike TRYHPI unlocked.
Mechanic David washed TRYHPI.
Trike TRYHPI shines.
Mechanic David tuned up TRYHPI.
Trike TRYHPI runs.
Mechanic David test drove TRYHPI.
Trike TRYHPI ridden.
Mechanic David locked TRYHPI.
Trike TRYHPI locked.
Mechanic David unlocked TIL6MD.
Trike TIL6MD unlocked.
Mechanic David washed TIL6MD.
Trike TIL6MD shines.
Mechanic David tuned up TIL6MD.
Trike TIL6MD runs.
Mechanic David test drove TIL6MD.
Trike TIL6MD ridden.
Mechanic David locked TIL6MD.
Trike TIL6MD locked.
Mechanic David unlocked SKO7E0.
Sidecar SKO7E0 unlocked.
Mechanic David washed SKO7E0.
Sidecar SKO7E0 shines.
Mechanic David tuned up SKO7E0.
Sidecar SKO7E0 runs.
Mechanic David test drove SKO7E0.
Sidecar SKO7E0 ridden.
Mechanic David locked SKO7E0.
Sidecar SKO7E0 locked.
Mechanic David unlocked SQORND.
Sidecar SQORND unlocked.
Mechanic David washed SQORND.
Sidecar SQORND shines.
Mechanic David tuned up SQORND.
Sidecar SQORND runs.
Mechanic David test drove SQORND.
Sidecar SQORND ridden.
Mechanic David locked SQORND.
Sidecar SQORND locked.
Mechanic David unlocked H16L6R.
Hatchback H16L6R unlocked.
Mechanic David washed H16L6R.
Hatchback H16L6R shines.
Mechanic David tuned up H16L6R.
Hatchback H16L6R runs.
Mechanic David test drove H16L6R.
Hatchback H16L6R drives.
Mechanic David locked H16L6R.
Hatchback H16L6R locked.
Mechanic David unlocked HDXCDZ.
Hatchback HDXCDZ unlocked.
Mechanic David washed HDXCDZ.
Hatchback HDXCDZ sparkles.
Mechanic David tuned up HDXCDZ.
Hatchback HDXCDZ runs.
Mechanic David test drove HDXCDZ.
Hatchback HDXCDZ drives.
Mechanic David locked HDXCDZ.
Hatchback HDXCDZ locked.
Mechanic David unlocked SAVVVJ.
SUV SAVVVJ unlocked.
Mechanic David washed SAVVVJ.
SUV SAVVVJ sparkles.
Mechanic David tuned up SAVVVJ.
SUV SAVVVJ runs.
Mechanic David test drove SAVVVJ.
SUV SAVVVJ drives.
Mechanic David locked SAVVVJ.
SUV SAVVVJ locked.
Mechanic David unlocked S3NPU9.
SUV S3NPU9 unlocked.
Mechanic David washed S3NPU9.
SUV S3NPU9 shines.
Mechanic David tuned up S3NPU9.
SUV S3NPU9 sputters.
Mechanic David test drove S3NPU9.
SUV S3NPU9 drives.
Mechanic David locked S3NPU9.
SUV S3NPU9 locked.
Mechanic David unlocked WEIK1U.
Wagon WEIK1U unlocked.
Mechanic David washed WEIK1U.
Wagon WEIK1U shines.
Mechanic David tuned up WEIK1U.
Wagon WEIK1U runs.
Mechanic David test drove WEIK1U.
Wagon WEIK1U drives.
Mechanic David locked WEIK1U.
Wagon WEIK1U locked.
Mechanic David unlocked WI9J9L.
Wagon WI9J9L unlocked.
Mechanic David washed WI9J9L.
Wagon WI9J9L shines.
Mechanic David tuned up WI9J9L.
Wagon WI9J9L runs.
Mechanic David test drove WI9J9L.
Wagon WI9J9L drives.
Mechanic David locked WI9J9L.
Wagon WI9J9L locked.
Mechanic David unlocked C88JRG.
Convertible C88JRG unlocked.
Mechanic David washed C88JRG.
Convertible C88JRG shines.
Mechanic David tuned up C88JRG.
Convertible C88JRG sputters.
Mechanic David test drove C88JRG.
Convertible C88JRG drives.
Mechanic David locked C88JRG.
Convertible C88JRG locked.
Mechanic David unlocked CR08DY.
Convertible CR08DY unlocked.
Mechanic David washed CR08DY.
Convertible CR08DY sparkles.
Mechanic David tuned up CR08DY.
Convertible CR08DY runs.
Mechanic David test drove CR08DY.
Convertible CR08DY drives.
Mechanic David locked CR08DY.
Convertible CR08DY locked.
Mechanic David unlocked P9FR0X.
Pickup P9FR0X unlocked.
Mechanic David washed P9FR0X.
Pickup P9FR0X shines.
Mechanic David tuned up P9FR0X.
Pickup P9FR0X runs.
Mechanic David test drove P9FR0X.
Pickup P9FR0X drives.
Mechanic David locked P9FR0X.
Pickup P9FR0X locked.
Mechanic David unlocked P4VIKC.
Pickup P4VIKC unlocked.
Mechanic David washed P4VIKC.
Pickup P4VIKC shines.
Mechanic David tuned up P4VIKC.
Pickup P4VIKC runs.
Mechanic David test drove P4VIKC.
Pickup P4VIKC drives.
Mechanic David locked P4VIKC.
Pickup P4VIKC locked.
Mechanic David unlocked D53EO2.
Delivery D53EO2 unlocked.
Mechanic David washed D53EO2.
Delivery D53EO2 sparkles.
Mechanic David tuned up D53EO2.
Delivery D53EO2 runs.
Mechanic David test drove D53EO2.
Delivery D53EO2 drives.
Mechanic David locked D53EO2.
Delivery D53EO2 locked.
Mechanic David unlocked DH6NA9.
Delivery DH6NA9 unlocked.
Mechanic David washed DH6NA9.
Delivery DH6NA9 sparkles.
Mechanic David tuned up DH6NA9.
Delivery DH6NA9 runs.
Mechanic David test drove DH6NA9.
Delivery DH6NA9 drives.
Mechanic David locked DH6NA9.
Delivery DH6NA9 locked.
Mechanic David unlocked SFHA2Y.
Schoolbus SFHA2Y unlocked.
Mechanic David washed SFHA2Y.
Schoolbus SFHA2Y shines.
Mechanic David tuned up SFHA2Y.
Schoolbus SFHA2Y runs.
Mechanic David test drove SFHA2Y.
Schoolbus SFHA2Y drives.
Mechanic David locked SFHA2Y.
Schoolbus SFHA2Y locked.
Mechanic David unlocked S2PDBI.
Schoolbus S2PDBI unlocked.
Mechanic David washed S2PDBI.
Schoolbus S2PDBI sparkles.
Mechanic David tuned up S2PDBI.
Schoolbus S2PDBI runs.
Mechanic David test drove S2PDBI.
Schoolbus S2PDBI drives.
Mechanic David locked S2PDBI.
Schoolbus S2PDBI locked.
Mechanic David unlocked SBK9UJ.
Shuttlebus SBK9UJ unlocked.
Mechanic David washed SBK9UJ.
Shuttlebus SBK9UJ shines.
Mechanic David tuned up SBK9UJ.
Shuttlebus SBK9UJ runs.
Mechanic David test drove SBK9UJ.
Shuttlebus SBK9UJ drives.
Mechanic David locked SBK9UJ.
Shuttlebus SBK9UJ locked.
Mechanic David unlocked SXBSGN.
Shuttlebus SXBSGN unlocked.
Mechanic David washed SXBSGN.
Shuttlebus SXBSGN shines.
Mechanic David tuned up SXBSGN.
Shuttlebus SXBSGN runs.
Mechanic David test drove SXBSGN.
Shuttlebus SXBSGN drives.
Mechanic David locked SXBSGN.
Shuttlebus SXBSGN locked.
Mechanic David leaves Garage on Day 10.
